2025-07-18T00:46:25.809+05:30  INFO 9844 --- [chp-lead] [main] com.chp.lead.ChpLeadApplicationTests     : Starting ChpLeadApplicationTests using Java 17.0.12 with PID 9844 (started by Gauri in C:\Users\Gauri\Desktop\chp-lead)
2025-07-18T00:46:25.818+05:30  INFO 9844 --- [chp-lead] [main] com.chp.lead.ChpLeadApplicationTests     : No active profile set, falling back to 1 default profile: "default"
2025-07-18T00:46:31.750+05:30  INFO 9844 --- [chp-lead] [main] .s.d.r.c.RepositoryConfigurationDelegate : Bootstrapping Spring Data JPA repositories in DEFAULT mode.
2025-07-18T00:46:32.105+05:30  INFO 9844 --- [chp-lead] [main] .s.d.r.c.RepositoryConfigurationDelegate : Finished Spring Data repository scanning in 279 ms. Found 2 JPA repository interfaces.
2025-07-18T00:46:35.483+05:30  INFO 9844 --- [chp-lead] [main] o.hibernate.jpa.internal.util.LogHelper  : HHH000204: Processing PersistenceUnitInfo [name: default]
2025-07-18T00:46:35.930+05:30  INFO 9844 --- [chp-lead] [main] org.hibernate.Version                    : HHH000412: Hibernate ORM core version 6.6.18.Final
2025-07-18T00:46:36.195+05:30  INFO 9844 --- [chp-lead] [main] o.h.c.internal.RegionFactoryInitiator    : HHH000026: Second-level cache disabled
2025-07-18T00:46:38.270+05:30  INFO 9844 --- [chp-lead] [main] o.s.o.j.p.SpringPersistenceUnitInfo      : No LoadTimeWeaver setup: ignoring JPA class transformer
2025-07-18T00:46:38.502+05:30  INFO 9844 --- [chp-lead] [main] com.zaxxer.hikari.HikariDataSource       : HikariPool-1 - Starting...
2025-07-18T00:46:40.055+05:30  INFO 9844 --- [chp-lead] [main] com.zaxxer.hikari.pool.HikariPool        : HikariPool-1 - Added connection ConnectionID:1 ClientConnectionId: 36aea276-488f-42d1-84b6-0f9c4784bf8d
2025-07-18T00:46:40.065+05:30  INFO 9844 --- [chp-lead] [main] com.zaxxer.hikari.HikariDataSource       : HikariPool-1 - Start completed.
2025-07-18T00:46:41.121+05:30  INFO 9844 --- [chp-lead] [main] org.hibernate.orm.connections.pooling    : HHH10001005: Database info:
	Database JDBC URL [Connecting through datasource 'HikariDataSource (HikariPool-1)']
	Database driver: undefined/unknown
	Database version: 16.0
	Autocommit mode: undefined/unknown
	Isolation level: undefined/unknown
	Minimum pool size: undefined/unknown
	Maximum pool size: undefined/unknown
2025-07-18T00:46:45.474+05:30  INFO 9844 --- [chp-lead] [main] o.h.e.t.j.p.i.JtaPlatformInitiator       : HHH000489: No JTA platform available (set 'hibernate.transaction.jta.platform' to enable JTA platform integration)
2025-07-18T00:46:47.341+05:30  INFO 9844 --- [chp-lead] [main] j.LocalContainerEntityManagerFactoryBean : Initialized JPA EntityManagerFactory for persistence unit 'default'
2025-07-18T00:46:50.376+05:30  WARN 9844 --- [chp-lead] [main] JpaBaseConfiguration$JpaWebConfiguration : spring.jpa.open-in-view is enabled by default. Therefore, database queries may be performed during view rendering. Explicitly configure spring.jpa.open-in-view to disable this warning
2025-07-18T00:46:56.878+05:30  INFO 9844 --- [chp-lead] [main] com.chp.lead.ChpLeadApplicationTests     : Started ChpLeadApplicationTests in 33.179 seconds (process running for 38.16)
2025-07-18T00:47:00.614+05:30  INFO 9844 --- [chp-lead] [SpringApplicationShutdownHook] j.LocalContainerEntityManagerFactoryBean : Closing JPA EntityManagerFactory for persistence unit 'default'
2025-07-18T00:47:00.625+05:30  INFO 9844 --- [chp-lead] [SpringApplicationShutdownHook] com.zaxxer.hikari.HikariDataSource       : HikariPool-1 - Shutdown initiated...
2025-07-18T00:47:00.657+05:30  INFO 9844 --- [chp-lead] [SpringApplicationShutdownHook] com.zaxxer.hikari.HikariDataSource       : HikariPool-1 - Shutdown completed.
2025-07-18T00:48:49.823+05:30  INFO 5800 --- [chp-lead] [main] com.chp.lead.ChpLeadApplication          : Starting ChpLeadApplication v0.0.1-SNAPSHOT using Java 17.0.12 with PID 5800 (C:\Users\Gauri\Desktop\chp-lead\target\chp-lead-0.0.1-SNAPSHOT.jar started by Gauri in C:\Users\Gauri\Desktop\chp-lead)
2025-07-18T00:48:49.892+05:30  INFO 5800 --- [chp-lead] [main] com.chp.lead.ChpLeadApplication          : No active profile set, falling back to 1 default profile: "default"
2025-07-18T00:48:55.490+05:30  INFO 5800 --- [chp-lead] [main] .s.d.r.c.RepositoryConfigurationDelegate : Bootstrapping Spring Data JPA repositories in DEFAULT mode.
2025-07-18T00:48:55.867+05:30  INFO 5800 --- [chp-lead] [main] .s.d.r.c.RepositoryConfigurationDelegate : Finished Spring Data repository scanning in 292 ms. Found 2 JPA repository interfaces.
2025-07-18T00:49:00.110+05:30  INFO 5800 --- [chp-lead] [main] o.s.b.w.embedded.tomcat.TomcatWebServer  : Tomcat initialized with port 8080 (http)
2025-07-18T00:49:00.169+05:30  INFO 5800 --- [chp-lead] [main] o.apache.catalina.core.StandardService   : Starting service [Tomcat]
2025-07-18T00:49:00.171+05:30  INFO 5800 --- [chp-lead] [main] o.apache.catalina.core.StandardEngine    : Starting Servlet engine: [Apache Tomcat/10.1.42]
2025-07-18T00:49:00.362+05:30  INFO 5800 --- [chp-lead] [main] o.a.c.c.C.[Tomcat].[localhost].[/]       : Initializing Spring embedded WebApplicationContext
2025-07-18T00:49:00.365+05:30  INFO 5800 --- [chp-lead] [main] w.s.c.ServletWebServerApplicationContext : Root WebApplicationContext: initialization completed in 10107 ms
2025-07-18T00:49:01.478+05:30  INFO 5800 --- [chp-lead] [main] o.hibernate.jpa.internal.util.LogHelper  : HHH000204: Processing PersistenceUnitInfo [name: default]
2025-07-18T00:49:01.842+05:30  INFO 5800 --- [chp-lead] [main] org.hibernate.Version                    : HHH000412: Hibernate ORM core version 6.6.18.Final
2025-07-18T00:49:02.058+05:30  INFO 5800 --- [chp-lead] [main] o.h.c.internal.RegionFactoryInitiator    : HHH000026: Second-level cache disabled
2025-07-18T00:49:04.046+05:30  INFO 5800 --- [chp-lead] [main] o.s.o.j.p.SpringPersistenceUnitInfo      : No LoadTimeWeaver setup: ignoring JPA class transformer
2025-07-18T00:49:04.242+05:30  INFO 5800 --- [chp-lead] [main] com.zaxxer.hikari.HikariDataSource       : HikariPool-1 - Starting...
2025-07-18T00:49:05.380+05:30  INFO 5800 --- [chp-lead] [main] com.zaxxer.hikari.pool.HikariPool        : HikariPool-1 - Added connection ConnectionID:1 ClientConnectionId: 3be3805b-dcb9-406d-bc44-4ed8c0f845ff
2025-07-18T00:49:05.397+05:30  INFO 5800 --- [chp-lead] [main] com.zaxxer.hikari.HikariDataSource       : HikariPool-1 - Start completed.
2025-07-18T00:49:06.475+05:30  INFO 5800 --- [chp-lead] [main] org.hibernate.orm.connections.pooling    : HHH10001005: Database info:
	Database JDBC URL [Connecting through datasource 'HikariDataSource (HikariPool-1)']
	Database driver: undefined/unknown
	Database version: 16.0
	Autocommit mode: undefined/unknown
	Isolation level: undefined/unknown
	Minimum pool size: undefined/unknown
	Maximum pool size: undefined/unknown
2025-07-18T00:49:10.641+05:30  INFO 5800 --- [chp-lead] [main] o.h.e.t.j.p.i.JtaPlatformInitiator       : HHH000489: No JTA platform available (set 'hibernate.transaction.jta.platform' to enable JTA platform integration)
2025-07-18T00:49:13.069+05:30  INFO 5800 --- [chp-lead] [main] j.LocalContainerEntityManagerFactoryBean : Initialized JPA EntityManagerFactory for persistence unit 'default'
2025-07-18T00:49:16.112+05:30  WARN 5800 --- [chp-lead] [main] JpaBaseConfiguration$JpaWebConfiguration : spring.jpa.open-in-view is enabled by default. Therefore, database queries may be performed during view rendering. Explicitly configure spring.jpa.open-in-view to disable this warning
2025-07-18T00:49:19.267+05:30  INFO 5800 --- [chp-lead] [main] o.s.b.w.embedded.tomcat.TomcatWebServer  : Tomcat started on port 8080 (http) with context path '/'
2025-07-18T00:49:19.423+05:30  INFO 5800 --- [chp-lead] [main] com.chp.lead.ChpLeadApplication          : Started ChpLeadApplication in 33.131 seconds (process running for 36.202)
2025-07-18T00:49:48.320+05:30  INFO 5800 --- [chp-lead] [http-nio-8080-exec-1] o.a.c.c.C.[Tomcat].[localhost].[/]       : Initializing Spring DispatcherServlet 'dispatcherServlet'
2025-07-18T00:49:48.321+05:30  INFO 5800 --- [chp-lead] [http-nio-8080-exec-1] o.s.web.servlet.DispatcherServlet        : Initializing Servlet 'dispatcherServlet'
2025-07-18T00:49:48.328+05:30  INFO 5800 --- [chp-lead] [http-nio-8080-exec-1] o.s.web.servlet.DispatcherServlet        : Completed initialization in 4 ms
2025-07-18T00:49:52.551+05:30  INFO 5800 --- [chp-lead] [http-nio-8080-exec-9] o.springdoc.api.AbstractOpenApiResource  : Init duration for springdoc-openapi is: 2305 ms
2025-07-18T00:50:12.021+05:30  INFO 5800 --- [chp-lead] [http-nio-8080-exec-10] com.chp.lead.Controller.LeadController   : Creating new lead: LeadMasterDTO(leadId=3fa85f64-5717-4562-b3fc-2c963f66afa6, name=Gauri Soni, phoneNo=9876543210, age=24, dob=2001-07-17, inquiry=Interested in full-body health checkup, status=New, facilityId=clinic-kanpur-001, origin=Website)
2025-07-18T00:50:12.873+05:30  INFO 5800 --- [chp-lead] [http-nio-8080-exec-10] com.chp.lead.Service.LeadService         : Lead created with ID: 3fa85f64-5717-4562-b3fc-2c963f66afa6
2025-07-18T00:51:30.513+05:30  INFO 5800 --- [chp-lead] [http-nio-8080-exec-2] com.chp.lead.Controller.LeadController   : Creating new lead: LeadMasterDTO(leadId=4b3e2c19-872a-4cf7-90f2-1d8f8a2d9c88, name=Ankit Sharma, phoneNo=9123456789, age=30, dob=1995-12-05, inquiry=Wants to schedule a dental appointment, status=Follow-up, facilityId=clinic-delhi-002, origin=Facebook)
2025-07-18T00:51:30.657+05:30  INFO 5800 --- [chp-lead] [http-nio-8080-exec-2] com.chp.lead.Service.LeadService         : Lead created with ID: 4b3e2c19-872a-4cf7-90f2-1d8f8a2d9c88
2025-07-18T00:52:30.841+05:30  INFO 5800 --- [chp-lead] [http-nio-8080-exec-8] com.chp.lead.Controller.LeadController   : Fetching all leads
2025-07-18T00:52:31.422+05:30  INFO 5800 --- [chp-lead] [http-nio-8080-exec-8] com.chp.lead.Service.LeadService         : Total leads fetched: 2
2025-07-18T00:54:51.676+05:30  INFO 5800 --- [chp-lead] [http-nio-8080-exec-9] com.chp.lead.Controller.LeadController   : Adding communication to lead ID 4b3e2c19-872a-4cf7-90f2-1d8f8a2d9c88: LeadCommunicationDTO(communicationId=0, leadId=4b3e2c19-872a-4cf7-90f2-1d8f8a2d9c88, communicationBy=Dr. Neha Verma, communication=Called the lead for initial consultation and shared health package details.)
2025-07-18T00:54:51.835+05:30 ERROR 5800 --- [chp-lead] [http-nio-8080-exec-9] o.a.c.c.C.[.[.[/].[dispatcherServlet]    : Servlet.service() for servlet [dispatcherServlet] in context with path [] threw exception [Request processing failed: org.springframework.orm.ObjectOptimisticLockingFailureException: Row was updated or deleted by another transaction (or unsaved-value mapping was incorrect): [com.chp.lead.Entity.LeadCommunication#0]] with root cause

org.hibernate.StaleObjectStateException: Row was updated or deleted by another transaction (or unsaved-value mapping was incorrect): [com.chp.lead.Entity.LeadCommunication#0]
	at org.hibernate.event.internal.DefaultMergeEventListener.entityIsDetached(DefaultMergeEventListener.java:426) ~[hibernate-core-6.6.18.Final.jar!/:6.6.18.Final]
	at org.hibernate.event.internal.DefaultMergeEventListener.merge(DefaultMergeEventListener.java:214) ~[hibernate-core-6.6.18.Final.jar!/:6.6.18.Final]
	at org.hibernate.event.internal.DefaultMergeEventListener.doMerge(DefaultMergeEventListener.java:152) ~[hibernate-core-6.6.18.Final.jar!/:6.6.18.Final]
	at org.hibernate.event.internal.DefaultMergeEventListener.onMerge(DefaultMergeEventListener.java:136) ~[hibernate-core-6.6.18.Final.jar!/:6.6.18.Final]
	at org.hibernate.event.internal.DefaultMergeEventListener.onMerge(DefaultMergeEventListener.java:89) ~[hibernate-core-6.6.18.Final.jar!/:6.6.18.Final]
	at org.hibernate.event.service.internal.EventListenerGroupImpl.fireEventOnEachListener(EventListenerGroupImpl.java:127) ~[hibernate-core-6.6.18.Final.jar!/:6.6.18.Final]
	at org.hibernate.internal.SessionImpl.fireMerge(SessionImpl.java:854) ~[hibernate-core-6.6.18.Final.jar!/:6.6.18.Final]
	at org.hibernate.internal.SessionImpl.merge(SessionImpl.java:840) ~[hibernate-core-6.6.18.Final.jar!/:6.6.18.Final]
	at java.base/jdk.internal.reflect.NativeMethodAccessorImpl.invoke0(Native Method) ~[na:na]
	at java.base/jdk.internal.reflect.NativeMethodAccessorImpl.invoke(NativeMethodAccessorImpl.java:77) ~[na:na]
	at java.base/jdk.internal.reflect.DelegatingMethodAccessorImpl.invoke(DelegatingMethodAccessorImpl.java:43) ~[na:na]
	at java.base/java.lang.reflect.Method.invoke(Method.java:568) ~[na:na]
	at org.springframework.orm.jpa.ExtendedEntityManagerCreator$ExtendedEntityManagerInvocationHandler.invoke(ExtendedEntityManagerCreator.java:364) ~[spring-orm-6.2.8.jar!/:6.2.8]
	at jdk.proxy2/jdk.proxy2.$Proxy121.merge(Unknown Source) ~[na:na]
	at java.base/jdk.internal.reflect.NativeMethodAccessorImpl.invoke0(Native Method) ~[na:na]
	at java.base/jdk.internal.reflect.NativeMethodAccessorImpl.invoke(NativeMethodAccessorImpl.java:77) ~[na:na]
	at java.base/jdk.internal.reflect.DelegatingMethodAccessorImpl.invoke(DelegatingMethodAccessorImpl.java:43) ~[na:na]
	at java.base/java.lang.reflect.Method.invoke(Method.java:568) ~[na:na]
	at org.springframework.orm.jpa.SharedEntityManagerCreator$SharedEntityManagerInvocationHandler.invoke(SharedEntityManagerCreator.java:320) ~[spring-orm-6.2.8.jar!/:6.2.8]
	at jdk.proxy2/jdk.proxy2.$Proxy121.merge(Unknown Source) ~[na:na]
	at org.springframework.data.jpa.repository.support.SimpleJpaRepository.save(SimpleJpaRepository.java:656) ~[spring-data-jpa-3.5.1.jar!/:3.5.1]
	at java.base/jdk.internal.reflect.NativeMethodAccessorImpl.invoke0(Native Method) ~[na:na]
	at java.base/jdk.internal.reflect.NativeMethodAccessorImpl.invoke(NativeMethodAccessorImpl.java:77) ~[na:na]
	at java.base/jdk.internal.reflect.DelegatingMethodAccessorImpl.invoke(DelegatingMethodAccessorImpl.java:43) ~[na:na]
	at java.base/java.lang.reflect.Method.invoke(Method.java:568) ~[na:na]
	at org.springframework.aop.support.AopUtils.invokeJoinpointUsingReflection(AopUtils.java:359) ~[spring-aop-6.2.8.jar!/:6.2.8]
	at org.springframework.data.repository.core.support.RepositoryMethodInvoker$RepositoryFragmentMethodInvoker.lambda$new$0(RepositoryMethodInvoker.java:277) ~[spring-data-commons-3.5.1.jar!/:3.5.1]
	at org.springframework.data.repository.core.support.RepositoryMethodInvoker.doInvoke(RepositoryMethodInvoker.java:170) ~[spring-data-commons-3.5.1.jar!/:3.5.1]
	at org.springframework.data.repository.core.support.RepositoryMethodInvoker.invoke(RepositoryMethodInvoker.java:158) ~[spring-data-commons-3.5.1.jar!/:3.5.1]
	at org.springframework.data.repository.core.support.RepositoryComposition$RepositoryFragments.invoke(RepositoryComposition.java:515) ~[spring-data-commons-3.5.1.jar!/:3.5.1]
	at org.springframework.data.repository.core.support.RepositoryComposition.invoke(RepositoryComposition.java:284) ~[spring-data-commons-3.5.1.jar!/:3.5.1]
	at org.springframework.data.repository.core.support.RepositoryFactorySupport$ImplementationMethodExecutionInterceptor.invoke(RepositoryFactorySupport.java:734) ~[spring-data-commons-3.5.1.jar!/:3.5.1]
	at org.springframework.aop.framework.ReflectiveMethodInvocation.proceed(ReflectiveMethodInvocation.java:184) ~[spring-aop-6.2.8.jar!/:6.2.8]
	at org.springframework.data.repository.core.support.QueryExecutorMethodInterceptor.doInvoke(QueryExecutorMethodInterceptor.java:174) ~[spring-data-commons-3.5.1.jar!/:3.5.1]
	at org.springframework.data.repository.core.support.QueryExecutorMethodInterceptor.invoke(QueryExecutorMethodInterceptor.java:149) ~[spring-data-commons-3.5.1.jar!/:3.5.1]
	at org.springframework.aop.framework.ReflectiveMethodInvocation.proceed(ReflectiveMethodInvocation.java:184) ~[spring-aop-6.2.8.jar!/:6.2.8]
	at org.springframework.data.projection.DefaultMethodInvokingMethodInterceptor.invoke(DefaultMethodInvokingMethodInterceptor.java:69) ~[spring-data-commons-3.5.1.jar!/:3.5.1]
	at org.springframework.aop.framework.ReflectiveMethodInvocation.proceed(ReflectiveMethodInvocation.java:184) ~[spring-aop-6.2.8.jar!/:6.2.8]
	at org.springframework.transaction.interceptor.TransactionAspectSupport.invokeWithinTransaction(TransactionAspectSupport.java:380) ~[spring-tx-6.2.8.jar!/:6.2.8]
	at org.springframework.transaction.interceptor.TransactionInterceptor.invoke(TransactionInterceptor.java:119) ~[spring-tx-6.2.8.jar!/:6.2.8]
	at org.springframework.aop.framework.ReflectiveMethodInvocation.proceed(ReflectiveMethodInvocation.java:184) ~[spring-aop-6.2.8.jar!/:6.2.8]
	at org.springframework.dao.support.PersistenceExceptionTranslationInterceptor.invoke(PersistenceExceptionTranslationInterceptor.java:138) ~[spring-tx-6.2.8.jar!/:6.2.8]
	at org.springframework.aop.framework.ReflectiveMethodInvocation.proceed(ReflectiveMethodInvocation.java:184) ~[spring-aop-6.2.8.jar!/:6.2.8]
	at org.springframework.data.jpa.repository.support.CrudMethodMetadataPostProcessor$CrudMethodMetadataPopulatingMethodInterceptor.invoke(CrudMethodMetadataPostProcessor.java:165) ~[spring-data-jpa-3.5.1.jar!/:3.5.1]
	at org.springframework.aop.framework.ReflectiveMethodInvocation.proceed(ReflectiveMethodInvocation.java:184) ~[spring-aop-6.2.8.jar!/:6.2.8]
	at org.springframework.aop.framework.JdkDynamicAopProxy.invoke(JdkDynamicAopProxy.java:223) ~[spring-aop-6.2.8.jar!/:6.2.8]
	at jdk.proxy2/jdk.proxy2.$Proxy127.save(Unknown Source) ~[na:na]
	at com.chp.lead.Service.LeadService.addCommunication(LeadService.java:55) ~[!/:0.0.1-SNAPSHOT]
	at com.chp.lead.Controller.LeadController.addCommunication(LeadController.java:37) ~[!/:0.0.1-SNAPSHOT]
	at java.base/jdk.internal.reflect.NativeMethodAccessorImpl.invoke0(Native Method) ~[na:na]
	at java.base/jdk.internal.reflect.NativeMethodAccessorImpl.invoke(NativeMethodAccessorImpl.java:77) ~[na:na]
	at java.base/jdk.internal.reflect.DelegatingMethodAccessorImpl.invoke(DelegatingMethodAccessorImpl.java:43) ~[na:na]
	at java.base/java.lang.reflect.Method.invoke(Method.java:568) ~[na:na]
	at org.springframework.web.method.support.InvocableHandlerMethod.doInvoke(InvocableHandlerMethod.java:258) ~[spring-web-6.2.8.jar!/:6.2.8]
	at org.springframework.web.method.support.InvocableHandlerMethod.invokeForRequest(InvocableHandlerMethod.java:191) ~[spring-web-6.2.8.jar!/:6.2.8]
	at org.springframework.web.servlet.mvc.method.annotation.ServletInvocableHandlerMethod.invokeAndHandle(ServletInvocableHandlerMethod.java:118) ~[spring-webmvc-6.2.8.jar!/:6.2.8]
	at org.springframework.web.servlet.mvc.method.annotation.RequestMappingHandlerAdapter.invokeHandlerMethod(RequestMappingHandlerAdapter.java:986) ~[spring-webmvc-6.2.8.jar!/:6.2.8]
	at org.springframework.web.servlet.mvc.method.annotation.RequestMappingHandlerAdapter.handleInternal(RequestMappingHandlerAdapter.java:891) ~[spring-webmvc-6.2.8.jar!/:6.2.8]
	at org.springframework.web.servlet.mvc.method.AbstractHandlerMethodAdapter.handle(AbstractHandlerMethodAdapter.java:87) ~[spring-webmvc-6.2.8.jar!/:6.2.8]
	at org.springframework.web.servlet.DispatcherServlet.doDispatch(DispatcherServlet.java:1089) ~[spring-webmvc-6.2.8.jar!/:6.2.8]
	at org.springframework.web.servlet.DispatcherServlet.doService(DispatcherServlet.java:979) ~[spring-webmvc-6.2.8.jar!/:6.2.8]
	at org.springframework.web.servlet.FrameworkServlet.processRequest(FrameworkServlet.java:1014) ~[spring-webmvc-6.2.8.jar!/:6.2.8]
	at org.springframework.web.servlet.FrameworkServlet.doPost(FrameworkServlet.java:914) ~[spring-webmvc-6.2.8.jar!/:6.2.8]
	at jakarta.servlet.http.HttpServlet.service(HttpServlet.java:590) ~[tomcat-embed-core-10.1.42.jar!/:na]
	at org.springframework.web.servlet.FrameworkServlet.service(FrameworkServlet.java:885) ~[spring-webmvc-6.2.8.jar!/:6.2.8]
	at jakarta.servlet.http.HttpServlet.service(HttpServlet.java:658) ~[tomcat-embed-core-10.1.42.jar!/:na]
	at org.apache.catalina.core.ApplicationFilterChain.internalDoFilter(ApplicationFilterChain.java:195) ~[tomcat-embed-core-10.1.42.jar!/:na]
	at org.apache.catalina.core.ApplicationFilterChain.doFilter(ApplicationFilterChain.java:140) ~[tomcat-embed-core-10.1.42.jar!/:na]
	at org.apache.tomcat.websocket.server.WsFilter.doFilter(WsFilter.java:51) ~[tomcat-embed-websocket-10.1.42.jar!/:na]
	at org.apache.catalina.core.ApplicationFilterChain.internalDoFilter(ApplicationFilterChain.java:164) ~[tomcat-embed-core-10.1.42.jar!/:na]
	at org.apache.catalina.core.ApplicationFilterChain.doFilter(ApplicationFilterChain.java:140) ~[tomcat-embed-core-10.1.42.jar!/:na]
	at org.springframework.web.filter.RequestContextFilter.doFilterInternal(RequestContextFilter.java:100) ~[spring-web-6.2.8.jar!/:6.2.8]
	at org.springframework.web.filter.OncePerRequestFilter.doFilter(OncePerRequestFilter.java:116) ~[spring-web-6.2.8.jar!/:6.2.8]
	at org.apache.catalina.core.ApplicationFilterChain.internalDoFilter(ApplicationFilterChain.java:164) ~[tomcat-embed-core-10.1.42.jar!/:na]
	at org.apache.catalina.core.ApplicationFilterChain.doFilter(ApplicationFilterChain.java:140) ~[tomcat-embed-core-10.1.42.jar!/:na]
	at org.springframework.web.filter.FormContentFilter.doFilterInternal(FormContentFilter.java:93) ~[spring-web-6.2.8.jar!/:6.2.8]
	at org.springframework.web.filter.OncePerRequestFilter.doFilter(OncePerRequestFilter.java:116) ~[spring-web-6.2.8.jar!/:6.2.8]
	at org.apache.catalina.core.ApplicationFilterChain.internalDoFilter(ApplicationFilterChain.java:164) ~[tomcat-embed-core-10.1.42.jar!/:na]
	at org.apache.catalina.core.ApplicationFilterChain.doFilter(ApplicationFilterChain.java:140) ~[tomcat-embed-core-10.1.42.jar!/:na]
	at org.springframework.web.filter.CharacterEncodingFilter.doFilterInternal(CharacterEncodingFilter.java:201) ~[spring-web-6.2.8.jar!/:6.2.8]
	at org.springframework.web.filter.OncePerRequestFilter.doFilter(OncePerRequestFilter.java:116) ~[spring-web-6.2.8.jar!/:6.2.8]
	at org.apache.catalina.core.ApplicationFilterChain.internalDoFilter(ApplicationFilterChain.java:164) ~[tomcat-embed-core-10.1.42.jar!/:na]
	at org.apache.catalina.core.ApplicationFilterChain.doFilter(ApplicationFilterChain.java:140) ~[tomcat-embed-core-10.1.42.jar!/:na]
	at org.apache.catalina.core.StandardWrapperValve.invoke(StandardWrapperValve.java:167) ~[tomcat-embed-core-10.1.42.jar!/:na]
	at org.apache.catalina.core.StandardContextValve.invoke(StandardContextValve.java:90) ~[tomcat-embed-core-10.1.42.jar!/:na]
	at org.apache.catalina.authenticator.AuthenticatorBase.invoke(AuthenticatorBase.java:483) ~[tomcat-embed-core-10.1.42.jar!/:na]
	at org.apache.catalina.core.StandardHostValve.invoke(StandardHostValve.java:116) ~[tomcat-embed-core-10.1.42.jar!/:na]
	at org.apache.catalina.valves.ErrorReportValve.invoke(ErrorReportValve.java:93) ~[tomcat-embed-core-10.1.42.jar!/:na]
	at org.apache.catalina.core.StandardEngineValve.invoke(StandardEngineValve.java:74) ~[tomcat-embed-core-10.1.42.jar!/:na]
	at org.apache.catalina.connector.CoyoteAdapter.service(CoyoteAdapter.java:344) ~[tomcat-embed-core-10.1.42.jar!/:na]
	at org.apache.coyote.http11.Http11Processor.service(Http11Processor.java:398) ~[tomcat-embed-core-10.1.42.jar!/:na]
	at org.apache.coyote.AbstractProcessorLight.process(AbstractProcessorLight.java:63) ~[tomcat-embed-core-10.1.42.jar!/:na]
	at org.apache.coyote.AbstractProtocol$ConnectionHandler.process(AbstractProtocol.java:903) ~[tomcat-embed-core-10.1.42.jar!/:na]
	at org.apache.tomcat.util.net.NioEndpoint$SocketProcessor.doRun(NioEndpoint.java:1769) ~[tomcat-embed-core-10.1.42.jar!/:na]
	at org.apache.tomcat.util.net.SocketProcessorBase.run(SocketProcessorBase.java:52) ~[tomcat-embed-core-10.1.42.jar!/:na]
	at org.apache.tomcat.util.threads.ThreadPoolExecutor.runWorker(ThreadPoolExecutor.java:1189) ~[tomcat-embed-core-10.1.42.jar!/:na]
	at org.apache.tomcat.util.threads.ThreadPoolExecutor$Worker.run(ThreadPoolExecutor.java:658) ~[tomcat-embed-core-10.1.42.jar!/:na]
	at org.apache.tomcat.util.threads.TaskThread$WrappingRunnable.run(TaskThread.java:63) ~[tomcat-embed-core-10.1.42.jar!/:na]
	at java.base/java.lang.Thread.run(Thread.java:842) ~[na:na]

2025-07-18T01:15:07.456+05:30  INFO 19068 --- [chp-lead] [main] com.chp.lead.ChpLeadApplication          : Starting ChpLeadApplication v0.0.1-SNAPSHOT using Java 17.0.12 with PID 19068 (C:\Users\Gauri\Desktop\chp-lead\target\chp-lead-0.0.1-SNAPSHOT.jar started by Gauri in C:\Users\Gauri\Desktop\chp-lead)
2025-07-18T01:15:07.490+05:30  INFO 19068 --- [chp-lead] [main] com.chp.lead.ChpLeadApplication          : No active profile set, falling back to 1 default profile: "default"
2025-07-18T01:15:13.078+05:30  INFO 19068 --- [chp-lead] [main] .s.d.r.c.RepositoryConfigurationDelegate : Bootstrapping Spring Data JPA repositories in DEFAULT mode.
2025-07-18T01:15:13.475+05:30  INFO 19068 --- [chp-lead] [main] .s.d.r.c.RepositoryConfigurationDelegate : Finished Spring Data repository scanning in 305 ms. Found 2 JPA repository interfaces.
2025-07-18T01:15:17.498+05:30  INFO 19068 --- [chp-lead] [main] o.s.b.w.embedded.tomcat.TomcatWebServer  : Tomcat initialized with port 8080 (http)
2025-07-18T01:15:17.548+05:30  INFO 19068 --- [chp-lead] [main] o.apache.catalina.core.StandardService   : Starting service [Tomcat]
2025-07-18T01:15:17.550+05:30  INFO 19068 --- [chp-lead] [main] o.apache.catalina.core.StandardEngine    : Starting Servlet engine: [Apache Tomcat/10.1.42]
2025-07-18T01:15:17.739+05:30  INFO 19068 --- [chp-lead] [main] o.a.c.c.C.[Tomcat].[localhost].[/]       : Initializing Spring embedded WebApplicationContext
2025-07-18T01:15:17.741+05:30  INFO 19068 --- [chp-lead] [main] w.s.c.ServletWebServerApplicationContext : Root WebApplicationContext: initialization completed in 9875 ms
2025-07-18T01:15:20.322+05:30  INFO 19068 --- [chp-lead] [main] o.hibernate.jpa.internal.util.LogHelper  : HHH000204: Processing PersistenceUnitInfo [name: default]
2025-07-18T01:15:20.926+05:30  INFO 19068 --- [chp-lead] [main] org.hibernate.Version                    : HHH000412: Hibernate ORM core version 6.6.18.Final
2025-07-18T01:15:21.226+05:30  INFO 19068 --- [chp-lead] [main] o.h.c.internal.RegionFactoryInitiator    : HHH000026: Second-level cache disabled
2025-07-18T01:15:23.392+05:30  INFO 19068 --- [chp-lead] [main] o.s.o.j.p.SpringPersistenceUnitInfo      : No LoadTimeWeaver setup: ignoring JPA class transformer
2025-07-18T01:15:23.531+05:30  INFO 19068 --- [chp-lead] [main] com.zaxxer.hikari.HikariDataSource       : HikariPool-1 - Starting...
2025-07-18T01:15:24.761+05:30  INFO 19068 --- [chp-lead] [main] com.zaxxer.hikari.pool.HikariPool        : HikariPool-1 - Added connection ConnectionID:1 ClientConnectionId: 36a8d72e-9363-42bc-a091-2d0e0440ecc8
2025-07-18T01:15:24.772+05:30  INFO 19068 --- [chp-lead] [main] com.zaxxer.hikari.HikariDataSource       : HikariPool-1 - Start completed.
2025-07-18T01:15:25.521+05:30  INFO 19068 --- [chp-lead] [main] org.hibernate.orm.connections.pooling    : HHH10001005: Database info:
	Database JDBC URL [Connecting through datasource 'HikariDataSource (HikariPool-1)']
	Database driver: undefined/unknown
	Database version: 16.0
	Autocommit mode: undefined/unknown
	Isolation level: undefined/unknown
	Minimum pool size: undefined/unknown
	Maximum pool size: undefined/unknown
2025-07-18T01:15:29.818+05:30  INFO 19068 --- [chp-lead] [main] o.h.e.t.j.p.i.JtaPlatformInitiator       : HHH000489: No JTA platform available (set 'hibernate.transaction.jta.platform' to enable JTA platform integration)
2025-07-18T01:15:31.861+05:30  INFO 19068 --- [chp-lead] [main] j.LocalContainerEntityManagerFactoryBean : Initialized JPA EntityManagerFactory for persistence unit 'default'
2025-07-18T01:15:34.109+05:30  WARN 19068 --- [chp-lead] [main] JpaBaseConfiguration$JpaWebConfiguration : spring.jpa.open-in-view is enabled by default. Therefore, database queries may be performed during view rendering. Explicitly configure spring.jpa.open-in-view to disable this warning
2025-07-18T01:15:36.841+05:30  INFO 19068 --- [chp-lead] [main] o.s.b.w.embedded.tomcat.TomcatWebServer  : Tomcat started on port 8080 (http) with context path '/'
2025-07-18T01:15:36.963+05:30  INFO 19068 --- [chp-lead] [main] com.chp.lead.ChpLeadApplication          : Started ChpLeadApplication in 34.82 seconds (process running for 37.864)
2025-07-18T01:19:58.864+05:30  INFO 9580 --- [chp-lead] [main] com.chp.lead.ChpLeadApplicationTests     : Starting ChpLeadApplicationTests using Java 17.0.12 with PID 9580 (started by Gauri in C:\Users\Gauri\Desktop\chp-lead)
2025-07-18T01:19:58.872+05:30  INFO 9580 --- [chp-lead] [main] com.chp.lead.ChpLeadApplicationTests     : No active profile set, falling back to 1 default profile: "default"
2025-07-18T01:20:04.811+05:30  INFO 9580 --- [chp-lead] [main] .s.d.r.c.RepositoryConfigurationDelegate : Bootstrapping Spring Data JPA repositories in DEFAULT mode.
2025-07-18T01:20:05.200+05:30  INFO 9580 --- [chp-lead] [main] .s.d.r.c.RepositoryConfigurationDelegate : Finished Spring Data repository scanning in 321 ms. Found 2 JPA repository interfaces.
2025-07-18T01:20:08.448+05:30  INFO 9580 --- [chp-lead] [main] o.hibernate.jpa.internal.util.LogHelper  : HHH000204: Processing PersistenceUnitInfo [name: default]
2025-07-18T01:20:08.987+05:30  INFO 9580 --- [chp-lead] [main] org.hibernate.Version                    : HHH000412: Hibernate ORM core version 6.6.18.Final
2025-07-18T01:20:09.298+05:30  INFO 9580 --- [chp-lead] [main] o.h.c.internal.RegionFactoryInitiator    : HHH000026: Second-level cache disabled
2025-07-18T01:20:11.888+05:30  INFO 9580 --- [chp-lead] [main] o.s.o.j.p.SpringPersistenceUnitInfo      : No LoadTimeWeaver setup: ignoring JPA class transformer
2025-07-18T01:20:12.160+05:30  INFO 9580 --- [chp-lead] [main] com.zaxxer.hikari.HikariDataSource       : HikariPool-1 - Starting...
2025-07-18T01:20:13.635+05:30  INFO 9580 --- [chp-lead] [main] com.zaxxer.hikari.pool.HikariPool        : HikariPool-1 - Added connection ConnectionID:1 ClientConnectionId: 699e4923-5ff5-4b02-a9d4-82c67f35cc55
2025-07-18T01:20:13.647+05:30  INFO 9580 --- [chp-lead] [main] com.zaxxer.hikari.HikariDataSource       : HikariPool-1 - Start completed.
2025-07-18T01:20:14.504+05:30  INFO 9580 --- [chp-lead] [main] org.hibernate.orm.connections.pooling    : HHH10001005: Database info:
	Database JDBC URL [Connecting through datasource 'HikariDataSource (HikariPool-1)']
	Database driver: undefined/unknown
	Database version: 16.0
	Autocommit mode: undefined/unknown
	Isolation level: undefined/unknown
	Minimum pool size: undefined/unknown
	Maximum pool size: undefined/unknown
2025-07-18T01:20:19.117+05:30  INFO 9580 --- [chp-lead] [main] o.h.e.t.j.p.i.JtaPlatformInitiator       : HHH000489: No JTA platform available (set 'hibernate.transaction.jta.platform' to enable JTA platform integration)
2025-07-18T01:20:21.524+05:30  INFO 9580 --- [chp-lead] [main] j.LocalContainerEntityManagerFactoryBean : Initialized JPA EntityManagerFactory for persistence unit 'default'
2025-07-18T01:20:24.280+05:30  WARN 9580 --- [chp-lead] [main] JpaBaseConfiguration$JpaWebConfiguration : spring.jpa.open-in-view is enabled by default. Therefore, database queries may be performed during view rendering. Explicitly configure spring.jpa.open-in-view to disable this warning
2025-07-18T01:20:27.105+05:30  INFO 9580 --- [chp-lead] [main] com.chp.lead.ChpLeadApplicationTests     : Started ChpLeadApplicationTests in 30.296 seconds (process running for 35.477)
2025-07-18T01:20:29.701+05:30  INFO 9580 --- [chp-lead] [SpringApplicationShutdownHook] j.LocalContainerEntityManagerFactoryBean : Closing JPA EntityManagerFactory for persistence unit 'default'
2025-07-18T01:20:29.717+05:30  INFO 9580 --- [chp-lead] [SpringApplicationShutdownHook] com.zaxxer.hikari.HikariDataSource       : HikariPool-1 - Shutdown initiated...
2025-07-18T01:20:29.760+05:30  INFO 9580 --- [chp-lead] [SpringApplicationShutdownHook] com.zaxxer.hikari.HikariDataSource       : HikariPool-1 - Shutdown completed.
2025-07-18T01:21:38.826+05:30  INFO 11108 --- [chp-lead] [main] com.chp.lead.ChpLeadApplication          : Starting ChpLeadApplication v0.0.1-SNAPSHOT using Java 17.0.12 with PID 11108 (C:\Users\Gauri\Desktop\chp-lead\target\chp-lead-0.0.1-SNAPSHOT.jar started by Gauri in C:\Users\Gauri\Desktop\chp-lead)
2025-07-18T01:21:38.842+05:30  INFO 11108 --- [chp-lead] [main] com.chp.lead.ChpLeadApplication          : No active profile set, falling back to 1 default profile: "default"
2025-07-18T01:21:45.143+05:30  INFO 11108 --- [chp-lead] [main] .s.d.r.c.RepositoryConfigurationDelegate : Bootstrapping Spring Data JPA repositories in DEFAULT mode.
2025-07-18T01:21:45.504+05:30  INFO 11108 --- [chp-lead] [main] .s.d.r.c.RepositoryConfigurationDelegate : Finished Spring Data repository scanning in 287 ms. Found 2 JPA repository interfaces.
2025-07-18T01:21:50.326+05:30  INFO 11108 --- [chp-lead] [main] o.s.b.w.embedded.tomcat.TomcatWebServer  : Tomcat initialized with port 8080 (http)
2025-07-18T01:21:50.380+05:30  INFO 11108 --- [chp-lead] [main] o.apache.catalina.core.StandardService   : Starting service [Tomcat]
2025-07-18T01:21:50.381+05:30  INFO 11108 --- [chp-lead] [main] o.apache.catalina.core.StandardEngine    : Starting Servlet engine: [Apache Tomcat/10.1.42]
2025-07-18T01:21:50.541+05:30  INFO 11108 --- [chp-lead] [main] o.a.c.c.C.[Tomcat].[localhost].[/]       : Initializing Spring embedded WebApplicationContext
2025-07-18T01:21:50.543+05:30  INFO 11108 --- [chp-lead] [main] w.s.c.ServletWebServerApplicationContext : Root WebApplicationContext: initialization completed in 11359 ms
2025-07-18T01:21:51.675+05:30  INFO 11108 --- [chp-lead] [main] o.hibernate.jpa.internal.util.LogHelper  : HHH000204: Processing PersistenceUnitInfo [name: default]
2025-07-18T01:21:51.983+05:30  INFO 11108 --- [chp-lead] [main] org.hibernate.Version                    : HHH000412: Hibernate ORM core version 6.6.18.Final
2025-07-18T01:21:52.206+05:30  INFO 11108 --- [chp-lead] [main] o.h.c.internal.RegionFactoryInitiator    : HHH000026: Second-level cache disabled
2025-07-18T01:21:53.876+05:30  INFO 11108 --- [chp-lead] [main] o.s.o.j.p.SpringPersistenceUnitInfo      : No LoadTimeWeaver setup: ignoring JPA class transformer
2025-07-18T01:21:54.047+05:30  INFO 11108 --- [chp-lead] [main] com.zaxxer.hikari.HikariDataSource       : HikariPool-1 - Starting...
2025-07-18T01:21:55.180+05:30  INFO 11108 --- [chp-lead] [main] com.zaxxer.hikari.pool.HikariPool        : HikariPool-1 - Added connection ConnectionID:1 ClientConnectionId: de31d456-6d91-4989-b8b9-72705791e61b
2025-07-18T01:21:55.192+05:30  INFO 11108 --- [chp-lead] [main] com.zaxxer.hikari.HikariDataSource       : HikariPool-1 - Start completed.
2025-07-18T01:21:55.932+05:30  INFO 11108 --- [chp-lead] [main] org.hibernate.orm.connections.pooling    : HHH10001005: Database info:
	Database JDBC URL [Connecting through datasource 'HikariDataSource (HikariPool-1)']
	Database driver: undefined/unknown
	Database version: 16.0
	Autocommit mode: undefined/unknown
	Isolation level: undefined/unknown
	Minimum pool size: undefined/unknown
	Maximum pool size: undefined/unknown
2025-07-18T01:22:00.466+05:30  INFO 11108 --- [chp-lead] [main] o.h.e.t.j.p.i.JtaPlatformInitiator       : HHH000489: No JTA platform available (set 'hibernate.transaction.jta.platform' to enable JTA platform integration)
2025-07-18T01:22:02.446+05:30  INFO 11108 --- [chp-lead] [main] j.LocalContainerEntityManagerFactoryBean : Initialized JPA EntityManagerFactory for persistence unit 'default'
2025-07-18T01:22:04.887+05:30  WARN 11108 --- [chp-lead] [main] JpaBaseConfiguration$JpaWebConfiguration : spring.jpa.open-in-view is enabled by default. Therefore, database queries may be performed during view rendering. Explicitly configure spring.jpa.open-in-view to disable this warning
2025-07-18T01:22:07.944+05:30  INFO 11108 --- [chp-lead] [main] o.s.b.w.embedded.tomcat.TomcatWebServer  : Tomcat started on port 8080 (http) with context path '/'
2025-07-18T01:22:08.160+05:30  INFO 11108 --- [chp-lead] [main] com.chp.lead.ChpLeadApplication          : Started ChpLeadApplication in 34.156 seconds (process running for 37.09)
2025-07-18T01:25:36.184+05:30  INFO 11108 --- [chp-lead] [http-nio-8080-exec-1] o.a.c.c.C.[Tomcat].[localhost].[/]       : Initializing Spring DispatcherServlet 'dispatcherServlet'
2025-07-18T01:25:36.185+05:30  INFO 11108 --- [chp-lead] [http-nio-8080-exec-1] o.s.web.servlet.DispatcherServlet        : Initializing Servlet 'dispatcherServlet'
2025-07-18T01:25:36.192+05:30  INFO 11108 --- [chp-lead] [http-nio-8080-exec-1] o.s.web.servlet.DispatcherServlet        : Completed initialization in 4 ms
2025-07-18T01:25:40.416+05:30  INFO 11108 --- [chp-lead] [http-nio-8080-exec-9] o.springdoc.api.AbstractOpenApiResource  : Init duration for springdoc-openapi is: 2146 ms
2025-07-18T01:25:52.363+05:30  INFO 11108 --- [chp-lead] [http-nio-8080-exec-10] com.chp.lead.Controller.LeadController   : Fetching all leads
2025-07-18T01:25:53.099+05:30  INFO 11108 --- [chp-lead] [http-nio-8080-exec-10] com.chp.lead.Service.LeadService         : Total leads fetched: 2
2025-07-18T01:26:33.479+05:30  INFO 11108 --- [chp-lead] [http-nio-8080-exec-1] com.chp.lead.Controller.LeadController   : Adding communication to lead ID 4b3e2c19-872a-4cf7-90f2-1d8f8a2d9c88: LeadCommunicationDTO(communicationId=0, leadId=4b3e2c19-872a-4cf7-90f2-1d8f8a2d9c88, communicationBy=Dr. Neha Verma, communication=Called the lead for initial consultation and shared health package details.)
2025-07-18T01:26:33.675+05:30 ERROR 11108 --- [chp-lead] [http-nio-8080-exec-1] o.a.c.c.C.[.[.[/].[dispatcherServlet]    : Servlet.service() for servlet [dispatcherServlet] in context with path [] threw exception [Request processing failed: org.springframework.orm.ObjectOptimisticLockingFailureException: Row was updated or deleted by another transaction (or unsaved-value mapping was incorrect): [com.chp.lead.Entity.LeadCommunication#0]] with root cause

org.hibernate.StaleObjectStateException: Row was updated or deleted by another transaction (or unsaved-value mapping was incorrect): [com.chp.lead.Entity.LeadCommunication#0]
	at org.hibernate.event.internal.DefaultMergeEventListener.entityIsDetached(DefaultMergeEventListener.java:426) ~[hibernate-core-6.6.18.Final.jar!/:6.6.18.Final]
	at org.hibernate.event.internal.DefaultMergeEventListener.merge(DefaultMergeEventListener.java:214) ~[hibernate-core-6.6.18.Final.jar!/:6.6.18.Final]
	at org.hibernate.event.internal.DefaultMergeEventListener.doMerge(DefaultMergeEventListener.java:152) ~[hibernate-core-6.6.18.Final.jar!/:6.6.18.Final]
	at org.hibernate.event.internal.DefaultMergeEventListener.onMerge(DefaultMergeEventListener.java:136) ~[hibernate-core-6.6.18.Final.jar!/:6.6.18.Final]
	at org.hibernate.event.internal.DefaultMergeEventListener.onMerge(DefaultMergeEventListener.java:89) ~[hibernate-core-6.6.18.Final.jar!/:6.6.18.Final]
	at org.hibernate.event.service.internal.EventListenerGroupImpl.fireEventOnEachListener(EventListenerGroupImpl.java:127) ~[hibernate-core-6.6.18.Final.jar!/:6.6.18.Final]
	at org.hibernate.internal.SessionImpl.fireMerge(SessionImpl.java:854) ~[hibernate-core-6.6.18.Final.jar!/:6.6.18.Final]
	at org.hibernate.internal.SessionImpl.merge(SessionImpl.java:840) ~[hibernate-core-6.6.18.Final.jar!/:6.6.18.Final]
	at java.base/jdk.internal.reflect.NativeMethodAccessorImpl.invoke0(Native Method) ~[na:na]
	at java.base/jdk.internal.reflect.NativeMethodAccessorImpl.invoke(NativeMethodAccessorImpl.java:77) ~[na:na]
	at java.base/jdk.internal.reflect.DelegatingMethodAccessorImpl.invoke(DelegatingMethodAccessorImpl.java:43) ~[na:na]
	at java.base/java.lang.reflect.Method.invoke(Method.java:568) ~[na:na]
	at org.springframework.orm.jpa.ExtendedEntityManagerCreator$ExtendedEntityManagerInvocationHandler.invoke(ExtendedEntityManagerCreator.java:364) ~[spring-orm-6.2.8.jar!/:6.2.8]
	at jdk.proxy2/jdk.proxy2.$Proxy121.merge(Unknown Source) ~[na:na]
	at java.base/jdk.internal.reflect.NativeMethodAccessorImpl.invoke0(Native Method) ~[na:na]
	at java.base/jdk.internal.reflect.NativeMethodAccessorImpl.invoke(NativeMethodAccessorImpl.java:77) ~[na:na]
	at java.base/jdk.internal.reflect.DelegatingMethodAccessorImpl.invoke(DelegatingMethodAccessorImpl.java:43) ~[na:na]
	at java.base/java.lang.reflect.Method.invoke(Method.java:568) ~[na:na]
	at org.springframework.orm.jpa.SharedEntityManagerCreator$SharedEntityManagerInvocationHandler.invoke(SharedEntityManagerCreator.java:320) ~[spring-orm-6.2.8.jar!/:6.2.8]
	at jdk.proxy2/jdk.proxy2.$Proxy121.merge(Unknown Source) ~[na:na]
	at org.springframework.data.jpa.repository.support.SimpleJpaRepository.save(SimpleJpaRepository.java:656) ~[spring-data-jpa-3.5.1.jar!/:3.5.1]
	at java.base/jdk.internal.reflect.NativeMethodAccessorImpl.invoke0(Native Method) ~[na:na]
	at java.base/jdk.internal.reflect.NativeMethodAccessorImpl.invoke(NativeMethodAccessorImpl.java:77) ~[na:na]
	at java.base/jdk.internal.reflect.DelegatingMethodAccessorImpl.invoke(DelegatingMethodAccessorImpl.java:43) ~[na:na]
	at java.base/java.lang.reflect.Method.invoke(Method.java:568) ~[na:na]
	at org.springframework.aop.support.AopUtils.invokeJoinpointUsingReflection(AopUtils.java:359) ~[spring-aop-6.2.8.jar!/:6.2.8]
	at org.springframework.data.repository.core.support.RepositoryMethodInvoker$RepositoryFragmentMethodInvoker.lambda$new$0(RepositoryMethodInvoker.java:277) ~[spring-data-commons-3.5.1.jar!/:3.5.1]
	at org.springframework.data.repository.core.support.RepositoryMethodInvoker.doInvoke(RepositoryMethodInvoker.java:170) ~[spring-data-commons-3.5.1.jar!/:3.5.1]
	at org.springframework.data.repository.core.support.RepositoryMethodInvoker.invoke(RepositoryMethodInvoker.java:158) ~[spring-data-commons-3.5.1.jar!/:3.5.1]
	at org.springframework.data.repository.core.support.RepositoryComposition$RepositoryFragments.invoke(RepositoryComposition.java:515) ~[spring-data-commons-3.5.1.jar!/:3.5.1]
	at org.springframework.data.repository.core.support.RepositoryComposition.invoke(RepositoryComposition.java:284) ~[spring-data-commons-3.5.1.jar!/:3.5.1]
	at org.springframework.data.repository.core.support.RepositoryFactorySupport$ImplementationMethodExecutionInterceptor.invoke(RepositoryFactorySupport.java:734) ~[spring-data-commons-3.5.1.jar!/:3.5.1]
	at org.springframework.aop.framework.ReflectiveMethodInvocation.proceed(ReflectiveMethodInvocation.java:184) ~[spring-aop-6.2.8.jar!/:6.2.8]
	at org.springframework.data.repository.core.support.QueryExecutorMethodInterceptor.doInvoke(QueryExecutorMethodInterceptor.java:174) ~[spring-data-commons-3.5.1.jar!/:3.5.1]
	at org.springframework.data.repository.core.support.QueryExecutorMethodInterceptor.invoke(QueryExecutorMethodInterceptor.java:149) ~[spring-data-commons-3.5.1.jar!/:3.5.1]
	at org.springframework.aop.framework.ReflectiveMethodInvocation.proceed(ReflectiveMethodInvocation.java:184) ~[spring-aop-6.2.8.jar!/:6.2.8]
	at org.springframework.data.projection.DefaultMethodInvokingMethodInterceptor.invoke(DefaultMethodInvokingMethodInterceptor.java:69) ~[spring-data-commons-3.5.1.jar!/:3.5.1]
	at org.springframework.aop.framework.ReflectiveMethodInvocation.proceed(ReflectiveMethodInvocation.java:184) ~[spring-aop-6.2.8.jar!/:6.2.8]
	at org.springframework.transaction.interceptor.TransactionAspectSupport.invokeWithinTransaction(TransactionAspectSupport.java:380) ~[spring-tx-6.2.8.jar!/:6.2.8]
	at org.springframework.transaction.interceptor.TransactionInterceptor.invoke(TransactionInterceptor.java:119) ~[spring-tx-6.2.8.jar!/:6.2.8]
	at org.springframework.aop.framework.ReflectiveMethodInvocation.proceed(ReflectiveMethodInvocation.java:184) ~[spring-aop-6.2.8.jar!/:6.2.8]
	at org.springframework.dao.support.PersistenceExceptionTranslationInterceptor.invoke(PersistenceExceptionTranslationInterceptor.java:138) ~[spring-tx-6.2.8.jar!/:6.2.8]
	at org.springframework.aop.framework.ReflectiveMethodInvocation.proceed(ReflectiveMethodInvocation.java:184) ~[spring-aop-6.2.8.jar!/:6.2.8]
	at org.springframework.data.jpa.repository.support.CrudMethodMetadataPostProcessor$CrudMethodMetadataPopulatingMethodInterceptor.invoke(CrudMethodMetadataPostProcessor.java:165) ~[spring-data-jpa-3.5.1.jar!/:3.5.1]
	at org.springframework.aop.framework.ReflectiveMethodInvocation.proceed(ReflectiveMethodInvocation.java:184) ~[spring-aop-6.2.8.jar!/:6.2.8]
	at org.springframework.aop.framework.JdkDynamicAopProxy.invoke(JdkDynamicAopProxy.java:223) ~[spring-aop-6.2.8.jar!/:6.2.8]
	at jdk.proxy2/jdk.proxy2.$Proxy127.save(Unknown Source) ~[na:na]
	at com.chp.lead.Service.LeadService.addCommunication(LeadService.java:55) ~[!/:0.0.1-SNAPSHOT]
	at com.chp.lead.Controller.LeadController.addCommunication(LeadController.java:45) ~[!/:0.0.1-SNAPSHOT]
	at java.base/jdk.internal.reflect.NativeMethodAccessorImpl.invoke0(Native Method) ~[na:na]
	at java.base/jdk.internal.reflect.NativeMethodAccessorImpl.invoke(NativeMethodAccessorImpl.java:77) ~[na:na]
	at java.base/jdk.internal.reflect.DelegatingMethodAccessorImpl.invoke(DelegatingMethodAccessorImpl.java:43) ~[na:na]
	at java.base/java.lang.reflect.Method.invoke(Method.java:568) ~[na:na]
	at org.springframework.web.method.support.InvocableHandlerMethod.doInvoke(InvocableHandlerMethod.java:258) ~[spring-web-6.2.8.jar!/:6.2.8]
	at org.springframework.web.method.support.InvocableHandlerMethod.invokeForRequest(InvocableHandlerMethod.java:191) ~[spring-web-6.2.8.jar!/:6.2.8]
	at org.springframework.web.servlet.mvc.method.annotation.ServletInvocableHandlerMethod.invokeAndHandle(ServletInvocableHandlerMethod.java:118) ~[spring-webmvc-6.2.8.jar!/:6.2.8]
	at org.springframework.web.servlet.mvc.method.annotation.RequestMappingHandlerAdapter.invokeHandlerMethod(RequestMappingHandlerAdapter.java:986) ~[spring-webmvc-6.2.8.jar!/:6.2.8]
	at org.springframework.web.servlet.mvc.method.annotation.RequestMappingHandlerAdapter.handleInternal(RequestMappingHandlerAdapter.java:891) ~[spring-webmvc-6.2.8.jar!/:6.2.8]
	at org.springframework.web.servlet.mvc.method.AbstractHandlerMethodAdapter.handle(AbstractHandlerMethodAdapter.java:87) ~[spring-webmvc-6.2.8.jar!/:6.2.8]
	at org.springframework.web.servlet.DispatcherServlet.doDispatch(DispatcherServlet.java:1089) ~[spring-webmvc-6.2.8.jar!/:6.2.8]
	at org.springframework.web.servlet.DispatcherServlet.doService(DispatcherServlet.java:979) ~[spring-webmvc-6.2.8.jar!/:6.2.8]
	at org.springframework.web.servlet.FrameworkServlet.processRequest(FrameworkServlet.java:1014) ~[spring-webmvc-6.2.8.jar!/:6.2.8]
	at org.springframework.web.servlet.FrameworkServlet.doPost(FrameworkServlet.java:914) ~[spring-webmvc-6.2.8.jar!/:6.2.8]
	at jakarta.servlet.http.HttpServlet.service(HttpServlet.java:590) ~[tomcat-embed-core-10.1.42.jar!/:na]
	at org.springframework.web.servlet.FrameworkServlet.service(FrameworkServlet.java:885) ~[spring-webmvc-6.2.8.jar!/:6.2.8]
	at jakarta.servlet.http.HttpServlet.service(HttpServlet.java:658) ~[tomcat-embed-core-10.1.42.jar!/:na]
	at org.apache.catalina.core.ApplicationFilterChain.internalDoFilter(ApplicationFilterChain.java:195) ~[tomcat-embed-core-10.1.42.jar!/:na]
	at org.apache.catalina.core.ApplicationFilterChain.doFilter(ApplicationFilterChain.java:140) ~[tomcat-embed-core-10.1.42.jar!/:na]
	at org.apache.tomcat.websocket.server.WsFilter.doFilter(WsFilter.java:51) ~[tomcat-embed-websocket-10.1.42.jar!/:na]
	at org.apache.catalina.core.ApplicationFilterChain.internalDoFilter(ApplicationFilterChain.java:164) ~[tomcat-embed-core-10.1.42.jar!/:na]
	at org.apache.catalina.core.ApplicationFilterChain.doFilter(ApplicationFilterChain.java:140) ~[tomcat-embed-core-10.1.42.jar!/:na]
	at org.springframework.web.filter.RequestContextFilter.doFilterInternal(RequestContextFilter.java:100) ~[spring-web-6.2.8.jar!/:6.2.8]
	at org.springframework.web.filter.OncePerRequestFilter.doFilter(OncePerRequestFilter.java:116) ~[spring-web-6.2.8.jar!/:6.2.8]
	at org.apache.catalina.core.ApplicationFilterChain.internalDoFilter(ApplicationFilterChain.java:164) ~[tomcat-embed-core-10.1.42.jar!/:na]
	at org.apache.catalina.core.ApplicationFilterChain.doFilter(ApplicationFilterChain.java:140) ~[tomcat-embed-core-10.1.42.jar!/:na]
	at org.springframework.web.filter.FormContentFilter.doFilterInternal(FormContentFilter.java:93) ~[spring-web-6.2.8.jar!/:6.2.8]
	at org.springframework.web.filter.OncePerRequestFilter.doFilter(OncePerRequestFilter.java:116) ~[spring-web-6.2.8.jar!/:6.2.8]
	at org.apache.catalina.core.ApplicationFilterChain.internalDoFilter(ApplicationFilterChain.java:164) ~[tomcat-embed-core-10.1.42.jar!/:na]
	at org.apache.catalina.core.ApplicationFilterChain.doFilter(ApplicationFilterChain.java:140) ~[tomcat-embed-core-10.1.42.jar!/:na]
	at org.springframework.web.filter.CharacterEncodingFilter.doFilterInternal(CharacterEncodingFilter.java:201) ~[spring-web-6.2.8.jar!/:6.2.8]
	at org.springframework.web.filter.OncePerRequestFilter.doFilter(OncePerRequestFilter.java:116) ~[spring-web-6.2.8.jar!/:6.2.8]
	at org.apache.catalina.core.ApplicationFilterChain.internalDoFilter(ApplicationFilterChain.java:164) ~[tomcat-embed-core-10.1.42.jar!/:na]
	at org.apache.catalina.core.ApplicationFilterChain.doFilter(ApplicationFilterChain.java:140) ~[tomcat-embed-core-10.1.42.jar!/:na]
	at org.apache.catalina.core.StandardWrapperValve.invoke(StandardWrapperValve.java:167) ~[tomcat-embed-core-10.1.42.jar!/:na]
	at org.apache.catalina.core.StandardContextValve.invoke(StandardContextValve.java:90) ~[tomcat-embed-core-10.1.42.jar!/:na]
	at org.apache.catalina.authenticator.AuthenticatorBase.invoke(AuthenticatorBase.java:483) ~[tomcat-embed-core-10.1.42.jar!/:na]
	at org.apache.catalina.core.StandardHostValve.invoke(StandardHostValve.java:116) ~[tomcat-embed-core-10.1.42.jar!/:na]
	at org.apache.catalina.valves.ErrorReportValve.invoke(ErrorReportValve.java:93) ~[tomcat-embed-core-10.1.42.jar!/:na]
	at org.apache.catalina.core.StandardEngineValve.invoke(StandardEngineValve.java:74) ~[tomcat-embed-core-10.1.42.jar!/:na]
	at org.apache.catalina.connector.CoyoteAdapter.service(CoyoteAdapter.java:344) ~[tomcat-embed-core-10.1.42.jar!/:na]
	at org.apache.coyote.http11.Http11Processor.service(Http11Processor.java:398) ~[tomcat-embed-core-10.1.42.jar!/:na]
	at org.apache.coyote.AbstractProcessorLight.process(AbstractProcessorLight.java:63) ~[tomcat-embed-core-10.1.42.jar!/:na]
	at org.apache.coyote.AbstractProtocol$ConnectionHandler.process(AbstractProtocol.java:903) ~[tomcat-embed-core-10.1.42.jar!/:na]
	at org.apache.tomcat.util.net.NioEndpoint$SocketProcessor.doRun(NioEndpoint.java:1769) ~[tomcat-embed-core-10.1.42.jar!/:na]
	at org.apache.tomcat.util.net.SocketProcessorBase.run(SocketProcessorBase.java:52) ~[tomcat-embed-core-10.1.42.jar!/:na]
	at org.apache.tomcat.util.threads.ThreadPoolExecutor.runWorker(ThreadPoolExecutor.java:1189) ~[tomcat-embed-core-10.1.42.jar!/:na]
	at org.apache.tomcat.util.threads.ThreadPoolExecutor$Worker.run(ThreadPoolExecutor.java:658) ~[tomcat-embed-core-10.1.42.jar!/:na]
	at org.apache.tomcat.util.threads.TaskThread$WrappingRunnable.run(TaskThread.java:63) ~[tomcat-embed-core-10.1.42.jar!/:na]
	at java.base/java.lang.Thread.run(Thread.java:842) ~[na:na]

2025-07-18T02:11:22.719+05:30  INFO 8648 --- [chp-lead] [main] com.chp.lead.ChpLeadApplicationTests     : Starting ChpLeadApplicationTests using Java 17.0.12 with PID 8648 (started by Gauri in C:\Users\Gauri\Desktop\chp-lead)
2025-07-18T02:11:22.729+05:30  INFO 8648 --- [chp-lead] [main] com.chp.lead.ChpLeadApplicationTests     : No active profile set, falling back to 1 default profile: "default"
2025-07-18T02:11:28.159+05:30  INFO 8648 --- [chp-lead] [main] .s.d.r.c.RepositoryConfigurationDelegate : Bootstrapping Spring Data JPA repositories in DEFAULT mode.
2025-07-18T02:11:28.549+05:30  INFO 8648 --- [chp-lead] [main] .s.d.r.c.RepositoryConfigurationDelegate : Finished Spring Data repository scanning in 321 ms. Found 2 JPA repository interfaces.
2025-07-18T02:11:32.226+05:30  INFO 8648 --- [chp-lead] [main] o.hibernate.jpa.internal.util.LogHelper  : HHH000204: Processing PersistenceUnitInfo [name: default]
2025-07-18T02:11:32.846+05:30  INFO 8648 --- [chp-lead] [main] org.hibernate.Version                    : HHH000412: Hibernate ORM core version 6.6.18.Final
2025-07-18T02:11:33.146+05:30  INFO 8648 --- [chp-lead] [main] o.h.c.internal.RegionFactoryInitiator    : HHH000026: Second-level cache disabled
2025-07-18T02:11:35.398+05:30  INFO 8648 --- [chp-lead] [main] o.s.o.j.p.SpringPersistenceUnitInfo      : No LoadTimeWeaver setup: ignoring JPA class transformer
2025-07-18T02:11:35.609+05:30  INFO 8648 --- [chp-lead] [main] com.zaxxer.hikari.HikariDataSource       : HikariPool-1 - Starting...
2025-07-18T02:11:37.040+05:30  INFO 8648 --- [chp-lead] [main] com.zaxxer.hikari.pool.HikariPool        : HikariPool-1 - Added connection ConnectionID:1 ClientConnectionId: 9a02384f-1787-4d4b-afba-76993d5403c7
2025-07-18T02:11:37.052+05:30  INFO 8648 --- [chp-lead] [main] com.zaxxer.hikari.HikariDataSource       : HikariPool-1 - Start completed.
2025-07-18T02:11:37.866+05:30  INFO 8648 --- [chp-lead] [main] org.hibernate.orm.connections.pooling    : HHH10001005: Database info:
	Database JDBC URL [Connecting through datasource 'HikariDataSource (HikariPool-1)']
	Database driver: undefined/unknown
	Database version: 16.0
	Autocommit mode: undefined/unknown
	Isolation level: undefined/unknown
	Minimum pool size: undefined/unknown
	Maximum pool size: undefined/unknown
2025-07-18T02:11:42.385+05:30  INFO 8648 --- [chp-lead] [main] o.h.e.t.j.p.i.JtaPlatformInitiator       : HHH000489: No JTA platform available (set 'hibernate.transaction.jta.platform' to enable JTA platform integration)
2025-07-18T02:11:44.671+05:30  INFO 8648 --- [chp-lead] [main] j.LocalContainerEntityManagerFactoryBean : Initialized JPA EntityManagerFactory for persistence unit 'default'
2025-07-18T02:11:48.546+05:30  WARN 8648 --- [chp-lead] [main] JpaBaseConfiguration$JpaWebConfiguration : spring.jpa.open-in-view is enabled by default. Therefore, database queries may be performed during view rendering. Explicitly configure spring.jpa.open-in-view to disable this warning
2025-07-18T02:11:51.429+05:30  INFO 8648 --- [chp-lead] [main] com.chp.lead.ChpLeadApplicationTests     : Started ChpLeadApplicationTests in 30.943 seconds (process running for 36.892)
2025-07-18T02:11:54.334+05:30  INFO 8648 --- [chp-lead] [SpringApplicationShutdownHook] j.LocalContainerEntityManagerFactoryBean : Closing JPA EntityManagerFactory for persistence unit 'default'
2025-07-18T02:11:54.345+05:30  INFO 8648 --- [chp-lead] [SpringApplicationShutdownHook] com.zaxxer.hikari.HikariDataSource       : HikariPool-1 - Shutdown initiated...
2025-07-18T02:11:54.412+05:30  INFO 8648 --- [chp-lead] [SpringApplicationShutdownHook] com.zaxxer.hikari.HikariDataSource       : HikariPool-1 - Shutdown completed.
2025-07-18T02:14:06.080+05:30  INFO 18888 --- [chp-lead] [main] com.chp.lead.ChpLeadApplication          : Starting ChpLeadApplication v0.0.1-SNAPSHOT using Java 17.0.12 with PID 18888 (C:\Users\Gauri\Desktop\chp-lead\target\chp-lead-0.0.1-SNAPSHOT.jar started by Gauri in C:\Users\Gauri\Desktop\chp-lead)
2025-07-18T02:14:06.102+05:30  INFO 18888 --- [chp-lead] [main] com.chp.lead.ChpLeadApplication          : No active profile set, falling back to 1 default profile: "default"
2025-07-18T02:14:12.058+05:30  INFO 18888 --- [chp-lead] [main] .s.d.r.c.RepositoryConfigurationDelegate : Bootstrapping Spring Data JPA repositories in DEFAULT mode.
2025-07-18T02:14:12.397+05:30  INFO 18888 --- [chp-lead] [main] .s.d.r.c.RepositoryConfigurationDelegate : Finished Spring Data repository scanning in 260 ms. Found 2 JPA repository interfaces.
2025-07-18T02:14:15.881+05:30  INFO 18888 --- [chp-lead] [main] o.s.b.w.embedded.tomcat.TomcatWebServer  : Tomcat initialized with port 8080 (http)
2025-07-18T02:14:15.933+05:30  INFO 18888 --- [chp-lead] [main] o.apache.catalina.core.StandardService   : Starting service [Tomcat]
2025-07-18T02:14:15.935+05:30  INFO 18888 --- [chp-lead] [main] o.apache.catalina.core.StandardEngine    : Starting Servlet engine: [Apache Tomcat/10.1.42]
2025-07-18T02:14:16.122+05:30  INFO 18888 --- [chp-lead] [main] o.a.c.c.C.[Tomcat].[localhost].[/]       : Initializing Spring embedded WebApplicationContext
2025-07-18T02:14:16.124+05:30  INFO 18888 --- [chp-lead] [main] w.s.c.ServletWebServerApplicationContext : Root WebApplicationContext: initialization completed in 9594 ms
2025-07-18T02:14:17.582+05:30  INFO 18888 --- [chp-lead] [main] o.hibernate.jpa.internal.util.LogHelper  : HHH000204: Processing PersistenceUnitInfo [name: default]
2025-07-18T02:14:18.100+05:30  INFO 18888 --- [chp-lead] [main] org.hibernate.Version                    : HHH000412: Hibernate ORM core version 6.6.18.Final
2025-07-18T02:14:18.425+05:30  INFO 18888 --- [chp-lead] [main] o.h.c.internal.RegionFactoryInitiator    : HHH000026: Second-level cache disabled
2025-07-18T02:14:20.310+05:30  INFO 18888 --- [chp-lead] [main] o.s.o.j.p.SpringPersistenceUnitInfo      : No LoadTimeWeaver setup: ignoring JPA class transformer
2025-07-18T02:14:20.453+05:30  INFO 18888 --- [chp-lead] [main] com.zaxxer.hikari.HikariDataSource       : HikariPool-1 - Starting...
2025-07-18T02:14:21.642+05:30  INFO 18888 --- [chp-lead] [main] com.zaxxer.hikari.pool.HikariPool        : HikariPool-1 - Added connection ConnectionID:1 ClientConnectionId: 68c23e32-4fcb-474c-9ba9-ff23dbc2d473
2025-07-18T02:14:21.713+05:30  INFO 18888 --- [chp-lead] [main] com.zaxxer.hikari.HikariDataSource       : HikariPool-1 - Start completed.
2025-07-18T02:14:22.473+05:30  INFO 18888 --- [chp-lead] [main] org.hibernate.orm.connections.pooling    : HHH10001005: Database info:
	Database JDBC URL [Connecting through datasource 'HikariDataSource (HikariPool-1)']
	Database driver: undefined/unknown
	Database version: 16.0
	Autocommit mode: undefined/unknown
	Isolation level: undefined/unknown
	Minimum pool size: undefined/unknown
	Maximum pool size: undefined/unknown
2025-07-18T02:14:26.880+05:30  INFO 18888 --- [chp-lead] [main] o.h.e.t.j.p.i.JtaPlatformInitiator       : HHH000489: No JTA platform available (set 'hibernate.transaction.jta.platform' to enable JTA platform integration)
2025-07-18T02:14:29.014+05:30  INFO 18888 --- [chp-lead] [main] j.LocalContainerEntityManagerFactoryBean : Initialized JPA EntityManagerFactory for persistence unit 'default'
2025-07-18T02:14:31.343+05:30  WARN 18888 --- [chp-lead] [main] JpaBaseConfiguration$JpaWebConfiguration : spring.jpa.open-in-view is enabled by default. Therefore, database queries may be performed during view rendering. Explicitly configure spring.jpa.open-in-view to disable this warning
2025-07-18T02:14:34.320+05:30  INFO 18888 --- [chp-lead] [main] o.s.b.w.embedded.tomcat.TomcatWebServer  : Tomcat started on port 8080 (http) with context path '/'
2025-07-18T02:14:34.447+05:30  INFO 18888 --- [chp-lead] [main] com.chp.lead.ChpLeadApplication          : Started ChpLeadApplication in 32.621 seconds (process running for 35.516)
2025-07-18T02:15:47.982+05:30  INFO 18888 --- [chp-lead] [http-nio-8080-exec-1] o.a.c.c.C.[Tomcat].[localhost].[/]       : Initializing Spring DispatcherServlet 'dispatcherServlet'
2025-07-18T02:15:47.984+05:30  INFO 18888 --- [chp-lead] [http-nio-8080-exec-1] o.s.web.servlet.DispatcherServlet        : Initializing Servlet 'dispatcherServlet'
2025-07-18T02:15:47.997+05:30  INFO 18888 --- [chp-lead] [http-nio-8080-exec-1] o.s.web.servlet.DispatcherServlet        : Completed initialization in 5 ms
2025-07-18T02:15:52.342+05:30  INFO 18888 --- [chp-lead] [http-nio-8080-exec-9] o.springdoc.api.AbstractOpenApiResource  : Init duration for springdoc-openapi is: 2101 ms
2025-07-18T02:16:02.503+05:30  INFO 18888 --- [chp-lead] [http-nio-8080-exec-10] com.chp.lead.Controller.LeadController   : Fetching all leads
2025-07-18T02:16:03.508+05:30  INFO 18888 --- [chp-lead] [http-nio-8080-exec-10] com.chp.lead.Service.LeadService         : Total leads fetched: 2
2025-07-18T02:16:48.980+05:30  INFO 18888 --- [chp-lead] [http-nio-8080-exec-1] com.chp.lead.Controller.LeadController   : Adding communication to lead ID 4b3e2c19-872a-4cf7-90f2-1d8f8a2d9c88: LeadCommunicationDTO(communicationId=0, leadId=4b3e2c19-872a-4cf7-90f2-1d8f8a2d9c88, communicationBy=Dr. Neha Verma, communication=Called the lead for initial consultation and shared health package details.)
2025-07-18T02:16:49.253+05:30  INFO 18888 --- [chp-lead] [http-nio-8080-exec-1] com.chp.lead.Service.LeadService         : Communication added for Lead ID: 4b3e2c19-872a-4cf7-90f2-1d8f8a2d9c88
2025-07-18T02:20:15.281+05:30  INFO 18888 --- [chp-lead] [http-nio-8080-exec-8] com.chp.lead.Controller.LeadController   : Adding communication to lead ID 3fa85f64-5717-4562-b3fc-2c963f66afa6: LeadCommunicationDTO(communicationId=0, leadId=3fa85f64-5717-4562-b3fc-2c963f66afa6, communicationBy=Dr. Neha Verma, communication=Called the lead for initial consultation and shared health package details.)
2025-07-18T02:20:15.475+05:30  INFO 18888 --- [chp-lead] [http-nio-8080-exec-8] com.chp.lead.Service.LeadService         : Communication added for Lead ID: 3fa85f64-5717-4562-b3fc-2c963f66afa6
